<?xml version="1.0" encoding="UTF-8"?>
<!-- Generated by org.testng.reporters.JUnitReportReporter -->
<testsuite hostname="DESKTOP-KLTOH9I" failures="0" tests="1" name="testNG.NewTest" time="26.350" errors="0" timestamp="2021-07-28T15:52:33 IST" skipped="0">
  <testcase classname="testNG.NewTest" name="f" time="26.350"/>
  <system-out/>
</testsuite> <!-- testNG.NewTest -->
