<?xml version="1.0" encoding="UTF-8"?>
<!-- Generated by org.testng.reporters.JUnitReportReporter -->
<testsuite hostname="DESKTOP-KLTOH9I" failures="0" tests="1" name="testNG.Toyota_forms" time="25.510" errors="0" timestamp="2021-07-30T14:53:04 IST" skipped="0">
  <testcase classname="testNG.Toyota_forms" name="f" time="25.510"/>
  <system-out/>
</testsuite> <!-- testNG.Toyota_forms -->
