<?xml version="1.0" encoding="UTF-8"?>
<!-- Generated by org.testng.reporters.JUnitReportReporter -->
<testsuite hostname="DESKTOP-KLTOH9I" failures="0" tests="4" name="testNG.Annotations" time="0.007" errors="0" timestamp="2021-07-28T15:52:33 IST" skipped="0">
  <testcase classname="testNG.Annotations" name="f" time="0.001"/>
  <system-out/>
  <testcase classname="testNG.Annotations" name="z" time="0.002"/>
  <system-out/>
  <testcase classname="testNG.Annotations" name="k" time="0.002"/>
  <system-out/>
  <testcase classname="testNG.Annotations" name="a" time="0.002"/>
  <system-out/>
</testsuite> <!-- testNG.Annotations -->
