<?xml version="1.0" encoding="UTF-8"?>
<!-- Generated by org.testng.reporters.JUnitReportReporter -->
<testsuite hostname="DESKTOP-KLTOH9I" failures="0" tests="1" name="testNG.Demo_test" time="0.889" errors="0" timestamp="2021-07-28T15:52:33 IST" skipped="0">
  <testcase classname="testNG.Demo_test" name="f" time="0.889"/>
  <system-out/>
</testsuite> <!-- testNG.Demo_test -->
