<?xml version="1.0" encoding="UTF-8"?>
<!-- Generated by org.testng.reporters.JUnitReportReporter -->
<testsuite hostname="DESKTOP-KLTOH9I" failures="0" tests="1" name="testNG.College_LiveWeek" time="16.171" errors="0" timestamp="2021-07-27T18:39:16 IST" skipped="0">
  <testcase classname="testNG.College_LiveWeek" name="f" time="16.171"/>
  <system-out/>
</testsuite> <!-- testNG.College_LiveWeek -->
