<?xml version="1.0" encoding="UTF-8"?>
<!-- Generated by org.testng.reporters.JUnitReportReporter -->
<testsuite hostname="DESKTOP-KLTOH9I" failures="0" tests="1" name="testNG.BlazeDemo_16" time="23.991" errors="0" timestamp="2021-07-28T15:52:33 IST" skipped="0">
  <testcase classname="testNG.BlazeDemo_16" name="f" time="23.991"/>
  <system-out/>
</testsuite> <!-- testNG.BlazeDemo_16 -->
