<?xml version="1.0" encoding="UTF-8"?>
<!-- Generated by org.testng.reporters.JUnitReportReporter -->
<testsuite hostname="DESKTOP-KLTOH9I" failures="0" tests="3" name="testNG.FB_LoginTest" time="32.588" errors="0" timestamp="2021-07-28T15:52:33 IST" skipped="0">
  <testcase classname="testNG.FB_LoginTest" name="f" time="8.497"/>
  <system-out/>
  <testcase classname="testNG.FB_LoginTest" name="f" time="11.794"/>
  <system-out/>
  <testcase classname="testNG.FB_LoginTest" name="f" time="12.297"/>
  <system-out/>
</testsuite> <!-- testNG.FB_LoginTest -->
