<?xml version="1.0" encoding="UTF-8"?>
<!-- Generated by org.testng.reporters.JUnitReportReporter -->
<testsuite hostname="DESKTOP-KLTOH9I" failures="0" tests="1" name="testNG.Toyota_Forms_label" time="1.426" errors="0" timestamp="2021-08-02T16:45:19 IST" skipped="0">
  <testcase classname="testNG.Toyota_Forms_label" name="f" time="1.426"/>
  <system-out/>
</testsuite> <!-- testNG.Toyota_Forms_label -->
